Library/Bee/Android/Prj/Mono2x/Gradle/launcher/build/intermediates/manifest_merge_blame_file/release/manifest-merger-blame-release-report.txt
1<?xml version="1.0" encoding="utf-8"?>
2<manifest xmlns:android="http://schemas.android.com/apk/res/android"
3    package="com.DefaultCompany.zigzag_zoo"
4    android:installLocation="preferExternal"
5    android:versionCode="1"
6    android:versionName="0.1" >
7
8    <uses-sdk
9        android:minSdkVersion="22"
9-->src/main/AndroidManifest.xml
10        android:targetSdkVersion="30" />
10-->src/main/AndroidManifest.xml
11
12    <supports-screens
12-->src/main/AndroidManifest.xml:3:3-163
13        android:anyDensity="true"
13-->src/main/AndroidManifest.xml:3:135-160
14        android:largeScreens="true"
14-->src/main/AndroidManifest.xml:3:78-105
15        android:normalScreens="true"
15-->src/main/AndroidManifest.xml:3:49-77
16        android:smallScreens="true"
16-->src/main/AndroidManifest.xml:3:21-48
17        android:xlargeScreens="true" />
17-->src/main/AndroidManifest.xml:3:106-134
18
19    <uses-feature android:glEsVersion="0x00030000" />
19-->[:unityLibrary] AndroidManifest.xml:19:5-54
19-->[:unityLibrary] AndroidManifest.xml:19:19-51
20    <uses-feature
20-->[:unityLibrary] AndroidManifest.xml:20:5-22:36
21        android:name="android.hardware.vulkan.version"
21-->[:unityLibrary] AndroidManifest.xml:21:9-55
22        android:required="false" />
22-->[:unityLibrary] AndroidManifest.xml:22:9-33
23
24    <uses-permission android:name="android.permission.INTERNET" />
24-->[:unityLibrary] AndroidManifest.xml:24:5-67
24-->[:unityLibrary] AndroidManifest.xml:24:22-64
25    <uses-permission android:name="android.permission.ACCESS_NETWORK_STATE" />
25-->[:unityLibrary] AndroidManifest.xml:25:5-79
25-->[:unityLibrary] AndroidManifest.xml:25:22-76
26
27    <uses-feature
27-->[:unityLibrary] AndroidManifest.xml:27:5-29:36
28        android:name="android.hardware.touchscreen"
28-->[:unityLibrary] AndroidManifest.xml:28:9-52
29        android:required="false" />
29-->[:unityLibrary] AndroidManifest.xml:29:9-33
30    <uses-feature
30-->[:unityLibrary] AndroidManifest.xml:30:5-32:36
31        android:name="android.hardware.touchscreen.multitouch"
31-->[:unityLibrary] AndroidManifest.xml:31:9-63
32        android:required="false" />
32-->[:unityLibrary] AndroidManifest.xml:32:9-33
33    <uses-feature
33-->[:unityLibrary] AndroidManifest.xml:33:5-35:36
34        android:name="android.hardware.touchscreen.multitouch.distinct"
34-->[:unityLibrary] AndroidManifest.xml:34:9-72
35        android:required="false" />
35-->[:unityLibrary] AndroidManifest.xml:35:9-33
36
37    <application
37-->src/main/AndroidManifest.xml:4:3-83
38        android:debuggable="true"
38-->[:unityLibrary] AndroidManifest.xml:38:9-34
39        android:extractNativeLibs="true"
39-->[:unityLibrary] AndroidManifest.xml:39:9-41
40        android:icon="@mipmap/app_icon"
40-->src/main/AndroidManifest.xml:4:49-80
41        android:label="@string/app_name"
41-->src/main/AndroidManifest.xml:4:16-48
42        android:theme="@android:style/Theme.NoTitleBar.Fullscreen" >
42-->[:unityLibrary] AndroidManifest.xml:42:9-67
43        <activity
43-->[:unityLibrary] AndroidManifest.xml:43:9-63:20
44            android:name="com.unity3d.player.UnityPlayerActivity"
44-->[:unityLibrary] AndroidManifest.xml:44:13-66
45            android:configChanges="mcc|mnc|locale|touchscreen|keyboard|keyboardHidden|navigation|orientation|screenLayout|uiMode|screenSize|smallestScreenSize|fontScale|layoutDirection|density"
45-->[:unityLibrary] AndroidManifest.xml:45:13-194
46            android:hardwareAccelerated="false"
46-->[:unityLibrary] AndroidManifest.xml:46:13-48
47            android:label="@string/app_name"
47-->[:unityLibrary] AndroidManifest.xml:47:13-45
48            android:launchMode="singleTask"
48-->[:unityLibrary] AndroidManifest.xml:48:13-44
49            android:resizeableActivity="false"
49-->[:unityLibrary] AndroidManifest.xml:49:13-47
50            android:screenOrientation="fullSensor" >
50-->[:unityLibrary] AndroidManifest.xml:50:13-51
51            <intent-filter>
51-->[:unityLibrary] AndroidManifest.xml:51:13-55:29
52                <action android:name="android.intent.action.MAIN" />
52-->[:unityLibrary] AndroidManifest.xml:52:17-69
52-->[:unityLibrary] AndroidManifest.xml:52:25-66
53
54                <category android:name="android.intent.category.LAUNCHER" />
54-->[:unityLibrary] AndroidManifest.xml:54:17-77
54-->[:unityLibrary] AndroidManifest.xml:54:27-74
55            </intent-filter>
56
57            <meta-data
57-->[:unityLibrary] AndroidManifest.xml:57:13-59:40
58                android:name="unityplayer.UnityActivity"
58-->[:unityLibrary] AndroidManifest.xml:58:17-57
59                android:value="true" />
59-->[:unityLibrary] AndroidManifest.xml:59:17-37
60            <meta-data
60-->[:unityLibrary] AndroidManifest.xml:60:13-62:40
61                android:name="android.notch_support"
61-->[:unityLibrary] AndroidManifest.xml:61:17-53
62                android:value="true" />
62-->[:unityLibrary] AndroidManifest.xml:62:17-37
63        </activity>
64
65        <meta-data
65-->[:unityLibrary] AndroidManifest.xml:65:9-67:33
66            android:name="unity.splash-mode"
66-->[:unityLibrary] AndroidManifest.xml:66:13-45
67            android:value="0" />
67-->[:unityLibrary] AndroidManifest.xml:67:13-30
68        <meta-data
68-->[:unityLibrary] AndroidManifest.xml:68:9-70:36
69            android:name="unity.splash-enable"
69-->[:unityLibrary] AndroidManifest.xml:69:13-47
70            android:value="True" />
70-->[:unityLibrary] AndroidManifest.xml:70:13-33
71        <meta-data
71-->[:unityLibrary] AndroidManifest.xml:71:9-73:36
72            android:name="unity.launch-fullscreen"
72-->[:unityLibrary] AndroidManifest.xml:72:13-51
73            android:value="True" />
73-->[:unityLibrary] AndroidManifest.xml:73:13-33
74        <meta-data
74-->[:unityLibrary] AndroidManifest.xml:74:9-76:37
75            android:name="unity.allow-resizable-window"
75-->[:unityLibrary] AndroidManifest.xml:75:13-56
76            android:value="False" />
76-->[:unityLibrary] AndroidManifest.xml:76:13-34
77        <meta-data
77-->[:unityLibrary] AndroidManifest.xml:77:9-79:50
78            android:name="notch.config"
78-->[:unityLibrary] AndroidManifest.xml:78:13-40
79            android:value="portrait|landscape" />
79-->[:unityLibrary] AndroidManifest.xml:79:13-47
80    </application>
81
82</manifest>